Turbo Assembler	 Version 3.2	    08/09/15 08:32:50	    Page 1
laba1.asm



      1	0000			     .model small
      2	0000			     .stack 256
      3	0000			     .data
      4	0000  05		     num1 db 5
      5	0001  02		     num2 db 2
      6	0002  00		     result db 0
      7	0003			     .code
      8	0000			     main:
      9	0000  B8 0000s		     mov     ax, @data
     10	0003  8E D8		     mov     ds, ax
     11
     12	0005  33 C0		     xor ax, ax
     13	0007  A0 0000r		     mov al, num1
     14	000A  8A 26 0001r	     mov ah, num2
     15	000E  02 C4		     add al, ah
     16	0010  A2 0002r		     mov result, al
     17	0013  CD 21		     int 21h
     18				     end main
Turbo Assembler	 Version 3.2	    08/09/15 08:32:50	    Page 2
Symbol Table




Symbol Name		Type   Value			   Cref	(defined at #)

??DATE			Text   "08/09/15"
??FILENAME		Text   "laba1	"
??TIME			Text   "08:32:50"
??VERSION		Number 0314
@32BIT			Text   0			   #1
@CODE			Text   _TEXT			   #1  #1  #7
@CODESIZE		Text   0			   #1
@CPU			Text   0101H
@CURSEG			Text   _TEXT			   #3  #7
@DATA			Text   DGROUP			   #1  9
@DATASIZE		Text   0			   #1
@FILENAME		Text   LABA1
@INTERFACE		Text   00H			   #1
@MODEL			Text   2			   #1
@STACK			Text   DGROUP			   #1
@WORDSIZE		Text   2			   #3  #7
MAIN			Near   _TEXT:0000		   #8  18
NUM1			Byte   DGROUP:0000		   #4  13
NUM2			Byte   DGROUP:0001		   #5  14
RESULT			Byte   DGROUP:0002		   #6  16

Groups & Segments	Bit Size Align	Combine	Class	   Cref	(defined at #)

DGROUP			Group				   #1  1  9
  STACK			16  0100 Para	Stack	STACK	   #2
  _DATA			16  0003 Word	Public	DATA	   #1  #3
_TEXT			16  0015 Word	Public	CODE	   #1  1  #7  7
